{"D:\\Coding\\ISDI Coders\\Daily Challenges\\Week 3\\Challenge 3\\public\\js\\components\\Component.js": {"path":"D:\\Coding\\ISDI Coders\\Daily Challenges\\Week 3\\Challenge 3\\public\\js\\components\\Component.js","statementMap":{"0":{"start":{"line":5,"column":4},"end":{"line":5,"column":51}},"1":{"start":{"line":6,"column":4},"end":{"line":6,"column":39}},"2":{"start":{"line":8,"column":4},"end":{"line":8,"column":39}}},"fnMap":{"0":{"name":"(anonymous_0)","decl":{"start":{"line":4,"column":2},"end":{"line":4,"column":3}},"loc":{"start":{"line":4,"column":49},"end":{"line":9,"column":3}},"line":4}},"branchMap":{},"s":{"0":2,"1":2,"2":2},"f":{"0":2},"b":{},"_coverageSchema":"1a1c01bbd47fc00a2c39e90264f33305004495a9","hash":"982f55278e13ebf2533073b15e9f3b462971188f"}
,"D:\\Coding\\ISDI Coders\\Daily Challenges\\Week 3\\Challenge 3\\public\\js\\components\\ScoreComponent.js": {"path":"D:\\Coding\\ISDI Coders\\Daily Challenges\\Week 3\\Challenge 3\\public\\js\\components\\ScoreComponent.js","statementMap":{"0":{"start":{"line":7,"column":4},"end":{"line":7,"column":40}},"1":{"start":{"line":9,"column":4},"end":{"line":9,"column":24}},"2":{"start":{"line":11,"column":4},"end":{"line":11,"column":29}},"3":{"start":{"line":12,"column":4},"end":{"line":12,"column":37}},"4":{"start":{"line":16,"column":4},"end":{"line":30,"column":25}},"5":{"start":{"line":34,"column":4},"end":{"line":34,"column":55}},"6":{"start":{"line":35,"column":4},"end":{"line":37,"column":7}},"7":{"start":{"line":36,"column":6},"end":{"line":36,"column":34}},"8":{"start":{"line":41,"column":4},"end":{"line":43,"column":7}},"9":{"start":{"line":42,"column":6},"end":{"line":42,"column":52}}},"fnMap":{"0":{"name":"(anonymous_0)","decl":{"start":{"line":6,"column":2},"end":{"line":6,"column":3}},"loc":{"start":{"line":6,"column":44},"end":{"line":13,"column":3}},"line":6},"1":{"name":"(anonymous_1)","decl":{"start":{"line":15,"column":2},"end":{"line":15,"column":3}},"loc":{"start":{"line":15,"column":17},"end":{"line":31,"column":3}},"line":15},"2":{"name":"(anonymous_2)","decl":{"start":{"line":33,"column":2},"end":{"line":33,"column":3}},"loc":{"start":{"line":33,"column":22},"end":{"line":38,"column":3}},"line":33},"3":{"name":"(anonymous_3)","decl":{"start":{"line":35,"column":26},"end":{"line":35,"column":27}},"loc":{"start":{"line":35,"column":36},"end":{"line":37,"column":5}},"line":35},"4":{"name":"(anonymous_4)","decl":{"start":{"line":40,"column":2},"end":{"line":40,"column":3}},"loc":{"start":{"line":40,"column":30},"end":{"line":44,"column":3}},"line":40},"5":{"name":"(anonymous_5)","decl":{"start":{"line":41,"column":26},"end":{"line":41,"column":27}},"loc":{"start":{"line":41,"column":36},"end":{"line":43,"column":5}},"line":41}},"branchMap":{},"s":{"0":2,"1":2,"2":2,"3":2,"4":2,"5":2,"6":2,"7":10,"8":2,"9":10},"f":{"0":2,"1":2,"2":2,"3":10,"4":2,"5":10},"b":{},"_coverageSchema":"1a1c01bbd47fc00a2c39e90264f33305004495a9","hash":"ebaedd517405ac55f40034dcd025d8c66721acae"}
}
