TN:
SF:public\js\components\Component.js
FN:4,(anonymous_0)
FNF:1
FNH:1
FNDA:2,(anonymous_0)
DA:5,2
DA:6,2
DA:8,2
LF:3
LH:3
BRF:0
BRH:0
end_of_record
TN:
SF:public\js\components\ScoreComponent.js
FN:6,(anonymous_0)
FN:15,(anonymous_1)
FN:33,(anonymous_2)
FN:35,(anonymous_3)
FN:40,(anonymous_4)
FN:41,(anonymous_5)
FNF:6
FNH:6
FNDA:2,(anonymous_0)
FNDA:2,(anonymous_1)
FNDA:2,(anonymous_2)
FNDA:10,(anonymous_3)
FNDA:2,(anonymous_4)
FNDA:10,(anonymous_5)
DA:7,2
DA:9,2
DA:11,2
DA:12,2
DA:16,2
DA:34,2
DA:35,2
DA:36,10
DA:41,2
DA:42,10
LF:10
LH:10
BRF:0
BRH:0
end_of_record
